  [1m[35m (68.1ms)[0m  [1m[35mCREATE TABLE "schema_migrations" ("version" varchar NOT NULL PRIMARY KEY)[0m
  [1m[35m (87.3ms)[0m  [1m[35mCREATE TABLE "ar_internal_metadata" ("key" varchar NOT NULL PRIMARY KEY, "value" varchar, "created_at" datetime NOT NULL, "updated_at" datetime NOT NULL)[0m
  [1m[36mActiveRecord::SchemaMigration Load (0.2ms)[0m  [1m[34mSELECT "schema_migrations".* FROM "schema_migrations"[0m
Migrating to CreateArticles (20161229224811)
  [1m[35m (0.1ms)[0m  [1m[36mbegin transaction[0m
  [1m[35m (0.7ms)[0m  [1m[35mCREATE TABLE "articles" ("id" INTEGER PRIMARY KEY AUTOINCREMENT NOT NULL, "name" varchar, "content" text, "created_at" datetime NOT NULL, "updated_at" datetime NOT NULL)[0m
  [1m[35mSQL (0.2ms)[0m  [1m[32mINSERT INTO "schema_migrations" ("version") VALUES (?)[0m  [["version", "20161229224811"]]
  [1m[35m (89.6ms)[0m  [1m[36mcommit transaction[0m
Migrating to CreateEvents (20161229224815)
  [1m[35m (0.2ms)[0m  [1m[36mbegin transaction[0m
  [1m[35m (2.0ms)[0m  [1m[35mCREATE TABLE "events" ("id" INTEGER PRIMARY KEY AUTOINCREMENT NOT NULL, "name" varchar, "starts_at" datetime, "ends_at" datetime, "description" text, "created_at" datetime NOT NULL, "updated_at" datetime NOT NULL)[0m
  [1m[35mSQL (0.2ms)[0m  [1m[32mINSERT INTO "schema_migrations" ("version") VALUES (?)[0m  [["version", "20161229224815"]]
  [1m[35m (86.3ms)[0m  [1m[36mcommit transaction[0m
Migrating to CreatePhotos (20161229224821)
  [1m[35m (0.1ms)[0m  [1m[36mbegin transaction[0m
  [1m[35m (0.5ms)[0m  [1m[35mCREATE TABLE "photos" ("id" INTEGER PRIMARY KEY AUTOINCREMENT NOT NULL, "name" varchar, "filename" varchar, "created_at" datetime NOT NULL, "updated_at" datetime NOT NULL)[0m
  [1m[35mSQL (0.3ms)[0m  [1m[32mINSERT INTO "schema_migrations" ("version") VALUES (?)[0m  [["version", "20161229224821"]]
  [1m[35m (93.2ms)[0m  [1m[36mcommit transaction[0m
  [1m[36mActiveRecord::InternalMetadata Load (0.5ms)[0m  [1m[34mSELECT  "ar_internal_metadata".* FROM "ar_internal_metadata" WHERE "ar_internal_metadata"."key" = ? LIMIT ?[0m  [["key", :environment], ["LIMIT", 1]]
  [1m[35m (0.1ms)[0m  [1m[36mbegin transaction[0m
  [1m[35mSQL (0.4ms)[0m  [1m[32mINSERT INTO "ar_internal_metadata" ("key", "value", "created_at", "updated_at") VALUES (?, ?, ?, ?)[0m  [["key", "environment"], ["value", "development"], ["created_at", 2016-12-29 22:48:29 UTC], ["updated_at", 2016-12-29 22:48:29 UTC]]
  [1m[35m (75.3ms)[0m  [1m[36mcommit transaction[0m
  [1m[36mActiveRecord::SchemaMigration Load (0.2ms)[0m  [1m[34mSELECT "schema_migrations".* FROM "schema_migrations"[0m
  [1m[36mActiveRecord::SchemaMigration Load (0.2ms)[0m  [1m[34mSELECT "schema_migrations".* FROM "schema_migrations"[0m
Migrating to CreateComments (20161229225632)
  [1m[35m (0.1ms)[0m  [1m[36mbegin transaction[0m
  [1m[35m (0.4ms)[0m  [1m[35mCREATE TABLE "comments" ("id" INTEGER PRIMARY KEY AUTOINCREMENT NOT NULL, "content" text, "commentable_id" integer, "commentable_type" varchar, "created_at" datetime NOT NULL, "updated_at" datetime NOT NULL)[0m
  [1m[35m (0.1ms)[0m  [1m[34mselect sqlite_version(*)[0m
  [1m[35m (0.2ms)[0m  [1m[35mCREATE  INDEX "index_comments_on_commentable_id" ON "comments" ("commentable_id")[0m
  [1m[35m (0.1ms)[0m  [1m[34m            SELECT sql
            FROM sqlite_master
            WHERE name='index_comments_on_commentable_id' AND type='index'
            UNION ALL
            SELECT sql
            FROM sqlite_temp_master
            WHERE name='index_comments_on_commentable_id' AND type='index'
[0m
  [1m[35m (0.2ms)[0m  [1m[35mCREATE  INDEX "index_comments_on_commentable_type" ON "comments" ("commentable_type")[0m
  [1m[35mSQL (0.2ms)[0m  [1m[32mINSERT INTO "schema_migrations" ("version") VALUES (?)[0m  [["version", "20161229225632"]]
  [1m[35m (74.3ms)[0m  [1m[36mcommit transaction[0m
  [1m[36mActiveRecord::InternalMetadata Load (0.3ms)[0m  [1m[34mSELECT  "ar_internal_metadata".* FROM "ar_internal_metadata" WHERE "ar_internal_metadata"."key" = ? LIMIT ?[0m  [["key", :environment], ["LIMIT", 1]]
  [1m[35m (0.1ms)[0m  [1m[36mbegin transaction[0m
  [1m[35m (0.1ms)[0m  [1m[36mcommit transaction[0m
  [1m[36mActiveRecord::SchemaMigration Load (0.2ms)[0m  [1m[34mSELECT "schema_migrations".* FROM "schema_migrations"[0m
  [1m[35m (0.2ms)[0m  [1m[34m            SELECT sql
            FROM sqlite_master
            WHERE name='index_comments_on_commentable_type' AND type='index'
            UNION ALL
            SELECT sql
            FROM sqlite_temp_master
            WHERE name='index_comments_on_commentable_type' AND type='index'
[0m
  [1m[35m (0.1ms)[0m  [1m[34m            SELECT sql
            FROM sqlite_master
            WHERE name='index_comments_on_commentable_id' AND type='index'
            UNION ALL
            SELECT sql
            FROM sqlite_temp_master
            WHERE name='index_comments_on_commentable_id' AND type='index'
[0m
  [1m[35m (0.1ms)[0m  [1m[36mbegin transaction[0m
  [1m[35mSQL (0.7ms)[0m  [1m[32mINSERT INTO "articles" ("name", "content", "created_at", "updated_at") VALUES (?, ?, ?, ?)[0m  [["name", "test"], ["content", "this is test"], ["created_at", 2016-12-29 23:05:29 UTC], ["updated_at", 2016-12-29 23:05:29 UTC]]
  [1m[35m (57.6ms)[0m  [1m[36mcommit transaction[0m
  [1m[35m (0.1ms)[0m  [1m[36mbegin transaction[0m
  [1m[36mArticle Load (0.3ms)[0m  [1m[34mSELECT  "articles".* FROM "articles" WHERE "articles"."id" = ? LIMIT ?[0m  [["id", 1], ["LIMIT", 1]]
  [1m[35mSQL (0.4ms)[0m  [1m[32mINSERT INTO "comments" ("content", "commentable_id", "commentable_type", "created_at", "updated_at") VALUES (?, ?, ?, ?, ?)[0m  [["content", "this is comment"], ["commentable_id", 1], ["commentable_type", "Article"], ["created_at", 2016-12-29 23:06:18 UTC], ["updated_at", 2016-12-29 23:06:18 UTC]]
  [1m[35m (83.7ms)[0m  [1m[36mcommit transaction[0m
  [1m[35m (0.2ms)[0m  [1m[36mbegin transaction[0m
  [1m[36mArticle Load (0.3ms)[0m  [1m[34mSELECT  "articles".* FROM "articles" WHERE "articles"."id" = ? LIMIT ?[0m  [["id", 1], ["LIMIT", 1]]
  [1m[35mSQL (0.6ms)[0m  [1m[32mINSERT INTO "comments" ("content", "commentable_id", "commentable_type", "created_at", "updated_at") VALUES (?, ?, ?, ?, ?)[0m  [["content", "this is comment"], ["commentable_id", 1], ["commentable_type", "Article"], ["created_at", 2016-12-29 23:11:45 UTC], ["updated_at", 2016-12-29 23:11:45 UTC]]
  [1m[35m (65.2ms)[0m  [1m[36mcommit transaction[0m
Started GET "/" for 127.0.0.1 at 2016-12-30 06:39:16 +0700
  [1m[36mActiveRecord::SchemaMigration Load (0.2ms)[0m  [1m[34mSELECT "schema_migrations".* FROM "schema_migrations"[0m
Processing by ArticlesController#index as HTML
  Rendering articles/index.html.erb within layouts/application
  [1m[36mArticle Load (0.2ms)[0m  [1m[34mSELECT "articles".* FROM "articles"[0m
  Rendered articles/index.html.erb within layouts/application (16.8ms)
Completed 200 OK in 977ms (Views: 956.6ms | ActiveRecord: 0.8ms)


Started GET "/articles/new" for 127.0.0.1 at 2016-12-30 06:39:22 +0700
Processing by ArticlesController#new as HTML
  Rendering articles/new.html.erb within layouts/application
  Rendered articles/_form.html.erb (66.0ms)
  Rendered articles/new.html.erb within layouts/application (70.4ms)
Completed 200 OK in 146ms (Views: 141.7ms | ActiveRecord: 0.0ms)


Started POST "/articles" for 127.0.0.1 at 2016-12-30 06:39:31 +0700
Processing by ArticlesController#create as HTML
  Parameters: {"utf8"=>"✓", "authenticity_token"=>"EwkGe4ZgkBqNz2LTEF+MO7gwgzbPp5arLZ4C3TBglfx7ylnFmMOlLUP9cOPtgLMPZ/BKIw/EBVDtBu8eUlIaiw==", "article"=>{"name"=>"tádfasdf", "content"=>"asdfasdf"}, "commit"=>"Create Article"}
  [1m[35m (0.5ms)[0m  [1m[36mbegin transaction[0m
  [1m[35mSQL (0.5ms)[0m  [1m[32mINSERT INTO "articles" ("name", "content", "created_at", "updated_at") VALUES (?, ?, ?, ?)[0m  [["name", "tádfasdf"], ["content", "asdfasdf"], ["created_at", 2016-12-29 23:39:31 UTC], ["updated_at", 2016-12-29 23:39:31 UTC]]
  [1m[35m (90.0ms)[0m  [1m[36mcommit transaction[0m
Redirected to http://localhost:3000/articles/2
Completed 302 Found in 103ms (ActiveRecord: 90.9ms)


Started GET "/articles/2" for 127.0.0.1 at 2016-12-30 06:39:31 +0700
Processing by ArticlesController#show as HTML
  Parameters: {"id"=>"2"}
  [1m[36mArticle Load (0.6ms)[0m  [1m[34mSELECT  "articles".* FROM "articles" WHERE "articles"."id" = ? LIMIT ?[0m  [["id", 2], ["LIMIT", 1]]
  Rendering articles/show.html.erb within layouts/application
  [1m[36mComment Load (0.3ms)[0m  [1m[34mSELECT "comments".* FROM "comments" WHERE "comments"."commentable_id" = ? AND "comments"."commentable_type" = ?[0m  [["commentable_id", 2], ["commentable_type", "Article"]]
  Rendered comments/_comments.html.erb (3.2ms)
  Rendered comments/_form.html.erb (21.4ms)
  Rendered articles/show.html.erb within layouts/application (28.2ms)
Completed 200 OK in 144ms (Views: 88.3ms | ActiveRecord: 1.7ms)


Started POST "/articles/2/comments" for 127.0.0.1 at 2016-12-30 06:39:34 +0700
Processing by CommentsController#create as HTML
  Parameters: {"utf8"=>"✓", "authenticity_token"=>"/uwNuhH2cqbgmvrNKkkAEeN0/a18xlugCPb0VhrwakGPRC0njVdYrg7LVwKahu1nqjmd0Fr6jKxgShWaRgoVMw==", "comment"=>{"content"=>"ádfá asdf ádf"}, "commit"=>"Create Comment", "article_id"=>"2"}
Completed 500 Internal Server Error in 7ms (ActiveRecord: 0.0ms)


  
NoMethodError (undefined method `comments' for nil:NilClass):
  
app/controllers/comments_controller.rb:9:in `create'
  Rendering /home/trinh/.rvm/gems/ruby-2.3.0/gems/actionpack-5.0.1/lib/action_dispatch/middleware/templates/rescues/diagnostics.html.erb within rescues/layout
  Rendering /home/trinh/.rvm/gems/ruby-2.3.0/gems/actionpack-5.0.1/lib/action_dispatch/middleware/templates/rescues/_source.html.erb
  Rendered /home/trinh/.rvm/gems/ruby-2.3.0/gems/actionpack-5.0.1/lib/action_dispatch/middleware/templates/rescues/_source.html.erb (6.1ms)
  Rendering /home/trinh/.rvm/gems/ruby-2.3.0/gems/actionpack-5.0.1/lib/action_dispatch/middleware/templates/rescues/_trace.html.erb
  Rendered /home/trinh/.rvm/gems/ruby-2.3.0/gems/actionpack-5.0.1/lib/action_dispatch/middleware/templates/rescues/_trace.html.erb (2.5ms)
  Rendering /home/trinh/.rvm/gems/ruby-2.3.0/gems/actionpack-5.0.1/lib/action_dispatch/middleware/templates/rescues/_request_and_response.html.erb
  Rendered /home/trinh/.rvm/gems/ruby-2.3.0/gems/actionpack-5.0.1/lib/action_dispatch/middleware/templates/rescues/_request_and_response.html.erb (1.7ms)
  Rendered /home/trinh/.rvm/gems/ruby-2.3.0/gems/actionpack-5.0.1/lib/action_dispatch/middleware/templates/rescues/diagnostics.html.erb within rescues/layout (33.9ms)
Started GET "/articles/2/" for 127.0.0.1 at 2016-12-30 06:41:02 +0700
  [1m[36mActiveRecord::SchemaMigration Load (0.2ms)[0m  [1m[34mSELECT "schema_migrations".* FROM "schema_migrations"[0m
Processing by ArticlesController#show as HTML
  Parameters: {"id"=>"2"}
  [1m[36mArticle Load (0.2ms)[0m  [1m[34mSELECT  "articles".* FROM "articles" WHERE "articles"."id" = ? LIMIT ?[0m  [["id", 2], ["LIMIT", 1]]
  Rendering articles/show.html.erb within layouts/application
  [1m[36mComment Load (0.3ms)[0m  [1m[34mSELECT "comments".* FROM "comments" WHERE "comments"."commentable_id" = ? AND "comments"."commentable_type" = ?[0m  [["commentable_id", 2], ["commentable_type", "Article"]]
  Rendered comments/_comments.html.erb (4.8ms)
  Rendered comments/_form.html.erb (25.0ms)
  Rendered articles/show.html.erb within layouts/application (40.2ms)
Completed 200 OK in 406ms (Views: 337.2ms | ActiveRecord: 2.7ms)


Started POST "/articles/2/comments" for 127.0.0.1 at 2016-12-30 06:41:07 +0700
Processing by CommentsController#create as HTML
  Parameters: {"utf8"=>"✓", "authenticity_token"=>"tWC9ZXi4jCPzAVgRPC5D/N9RqlIMWmUn0H7zQlPu4xLEyJ345BmmKx1Q9d6M4a6KlhzKLypmsiu4whKODxScYA==", "comment"=>{"content"=>"sadfasdf"}, "commit"=>"Create Comment", "article_id"=>"2"}
Completed 500 Internal Server Error in 3ms (ActiveRecord: 0.0ms)


  
NoMethodError (undefined method `comments' for nil:NilClass):
  
app/controllers/comments_controller.rb:9:in `create'
  Rendering /home/trinh/.rvm/gems/ruby-2.3.0/gems/actionpack-5.0.1/lib/action_dispatch/middleware/templates/rescues/diagnostics.html.erb within rescues/layout
  Rendering /home/trinh/.rvm/gems/ruby-2.3.0/gems/actionpack-5.0.1/lib/action_dispatch/middleware/templates/rescues/_source.html.erb
  Rendered /home/trinh/.rvm/gems/ruby-2.3.0/gems/actionpack-5.0.1/lib/action_dispatch/middleware/templates/rescues/_source.html.erb (12.7ms)
  Rendering /home/trinh/.rvm/gems/ruby-2.3.0/gems/actionpack-5.0.1/lib/action_dispatch/middleware/templates/rescues/_trace.html.erb
  Rendered /home/trinh/.rvm/gems/ruby-2.3.0/gems/actionpack-5.0.1/lib/action_dispatch/middleware/templates/rescues/_trace.html.erb (7.2ms)
  Rendering /home/trinh/.rvm/gems/ruby-2.3.0/gems/actionpack-5.0.1/lib/action_dispatch/middleware/templates/rescues/_request_and_response.html.erb
  Rendered /home/trinh/.rvm/gems/ruby-2.3.0/gems/actionpack-5.0.1/lib/action_dispatch/middleware/templates/rescues/_request_and_response.html.erb (2.4ms)
  Rendered /home/trinh/.rvm/gems/ruby-2.3.0/gems/actionpack-5.0.1/lib/action_dispatch/middleware/templates/rescues/diagnostics.html.erb within rescues/layout (46.7ms)
Started GET "/articles/2/comments" for 127.0.0.1 at 2016-12-30 06:42:53 +0700
  [1m[36mActiveRecord::SchemaMigration Load (0.2ms)[0m  [1m[34mSELECT "schema_migrations".* FROM "schema_migrations"[0m
Processing by CommentsController#index as HTML
  Parameters: {"article_id"=>"2"}
  [1m[36mArticle Load (0.2ms)[0m  [1m[34mSELECT  "articles".* FROM "articles" WHERE "articles"."id" = ? LIMIT ?[0m  [["id", 2], ["LIMIT", 1]]
  Rendering comments/index.html.erb within layouts/application
  Rendered comments/index.html.erb within layouts/application (2.7ms)
Completed 200 OK in 361ms (Views: 323.6ms | ActiveRecord: 1.0ms)


Started POST "/articles/2/comments" for 127.0.0.1 at 2016-12-30 06:42:59 +0700
Processing by CommentsController#create as HTML
  Parameters: {"utf8"=>"✓", "authenticity_token"=>"tWC9ZXi4jCPzAVgRPC5D/N9RqlIMWmUn0H7zQlPu4xLEyJ345BmmKx1Q9d6M4a6KlhzKLypmsiu4whKODxScYA==", "comment"=>{"content"=>"sadfasdf"}, "commit"=>"Create Comment", "article_id"=>"2"}
  [1m[36mArticle Load (0.7ms)[0m  [1m[34mSELECT  "articles".* FROM "articles" WHERE "articles"."id" = ? LIMIT ?[0m  [["id", 2], ["LIMIT", 1]]
  [1m[35m (0.1ms)[0m  [1m[36mbegin transaction[0m
  [1m[36mArticle Load (0.2ms)[0m  [1m[34mSELECT  "articles".* FROM "articles" WHERE "articles"."id" = ? LIMIT ?[0m  [["id", 2], ["LIMIT", 1]]
  [1m[35mSQL (0.6ms)[0m  [1m[32mINSERT INTO "comments" ("content", "commentable_id", "commentable_type", "created_at", "updated_at") VALUES (?, ?, ?, ?, ?)[0m  [["content", "sadfasdf"], ["commentable_id", 2], ["commentable_type", "Article"], ["created_at", 2016-12-29 23:42:59 UTC], ["updated_at", 2016-12-29 23:42:59 UTC]]
  [1m[35m (72.2ms)[0m  [1m[36mcommit transaction[0m
Redirected to http://localhost:3000/articles/2/comments
Completed 302 Found in 131ms (ActiveRecord: 74.7ms)


Started GET "/articles/2/comments" for 127.0.0.1 at 2016-12-30 06:42:59 +0700
Processing by CommentsController#index as HTML
  Parameters: {"article_id"=>"2"}
  [1m[36mArticle Load (0.2ms)[0m  [1m[34mSELECT  "articles".* FROM "articles" WHERE "articles"."id" = ? LIMIT ?[0m  [["id", 2], ["LIMIT", 1]]
  Rendering comments/index.html.erb within layouts/application
  Rendered comments/index.html.erb within layouts/application (1.1ms)
Completed 200 OK in 54ms (Views: 49.8ms | ActiveRecord: 0.2ms)


Started GET "/articles/2/comments" for 127.0.0.1 at 2016-12-30 06:43:33 +0700
Processing by CommentsController#index as HTML
  Parameters: {"article_id"=>"2"}
  [1m[36mArticle Load (0.6ms)[0m  [1m[34mSELECT  "articles".* FROM "articles" WHERE "articles"."id" = ? LIMIT ?[0m  [["id", 2], ["LIMIT", 1]]
  Rendering comments/index.html.erb within layouts/application
  [1m[36mComment Load (0.3ms)[0m  [1m[34mSELECT "comments".* FROM "comments" WHERE "comments"."commentable_id" = ? AND "comments"."commentable_type" = ?[0m  [["commentable_id", 2], ["commentable_type", "Article"]]
  Rendered comments/_comments.html.erb (12.8ms)
  Rendered comments/index.html.erb within layouts/application (18.1ms)
Completed 200 OK in 104ms (Views: 67.6ms | ActiveRecord: 3.2ms)


Started GET "/articles/2/" for 127.0.0.1 at 2016-12-30 06:43:56 +0700
Processing by ArticlesController#show as HTML
  Parameters: {"id"=>"2"}
  [1m[36mArticle Load (0.6ms)[0m  [1m[34mSELECT  "articles".* FROM "articles" WHERE "articles"."id" = ? LIMIT ?[0m  [["id", 2], ["LIMIT", 1]]
  Rendering articles/show.html.erb within layouts/application
  [1m[36mComment Load (0.2ms)[0m  [1m[34mSELECT "comments".* FROM "comments" WHERE "comments"."commentable_id" = ? AND "comments"."commentable_type" = ?[0m  [["commentable_id", 2], ["commentable_type", "Article"]]
  Rendered comments/_comments.html.erb (5.4ms)
  Rendered comments/_form.html.erb (26.4ms)
  Rendered articles/show.html.erb within layouts/application (38.2ms)
Completed 200 OK in 109ms (Views: 95.6ms | ActiveRecord: 0.8ms)


Started GET "/" for 127.0.0.1 at 2016-12-30 06:44:07 +0700
Processing by ArticlesController#index as HTML
  Rendering articles/index.html.erb within layouts/application
  [1m[36mArticle Load (0.4ms)[0m  [1m[34mSELECT "articles".* FROM "articles"[0m
  Rendered articles/index.html.erb within layouts/application (8.0ms)
Completed 200 OK in 74ms (Views: 70.8ms | ActiveRecord: 0.4ms)


Started GET "/articles/2" for 127.0.0.1 at 2016-12-30 06:44:11 +0700
Processing by ArticlesController#show as HTML
  Parameters: {"id"=>"2"}
  [1m[36mArticle Load (0.2ms)[0m  [1m[34mSELECT  "articles".* FROM "articles" WHERE "articles"."id" = ? LIMIT ?[0m  [["id", 2], ["LIMIT", 1]]
  Rendering articles/show.html.erb within layouts/application
  [1m[36mComment Load (0.2ms)[0m  [1m[34mSELECT "comments".* FROM "comments" WHERE "comments"."commentable_id" = ? AND "comments"."commentable_type" = ?[0m  [["commentable_id", 2], ["commentable_type", "Article"]]
  Rendered comments/_comments.html.erb (5.1ms)
  Rendered comments/_form.html.erb (3.7ms)
  Rendered articles/show.html.erb within layouts/application (14.0ms)
Completed 200 OK in 83ms (Views: 75.2ms | ActiveRecord: 0.4ms)


Started POST "/articles/2/comments" for 127.0.0.1 at 2016-12-30 06:44:14 +0700
Processing by CommentsController#create as HTML
  Parameters: {"utf8"=>"✓", "authenticity_token"=>"lRUWNjoYfuhw7CtF374ZsdjOsMMhYqciTtYHmh5GV40iiqa8B5t2U95w2FMIUYjrBhrG6f3py20g/Kf0pnGyhQ==", "comment"=>{"content"=>"ádASDAs"}, "commit"=>"Create Comment", "article_id"=>"2"}
  [1m[36mArticle Load (0.2ms)[0m  [1m[34mSELECT  "articles".* FROM "articles" WHERE "articles"."id" = ? LIMIT ?[0m  [["id", 2], ["LIMIT", 1]]
  [1m[35m (0.2ms)[0m  [1m[36mbegin transaction[0m
  [1m[36mArticle Load (0.1ms)[0m  [1m[34mSELECT  "articles".* FROM "articles" WHERE "articles"."id" = ? LIMIT ?[0m  [["id", 2], ["LIMIT", 1]]
  [1m[35mSQL (0.4ms)[0m  [1m[32mINSERT INTO "comments" ("content", "commentable_id", "commentable_type", "created_at", "updated_at") VALUES (?, ?, ?, ?, ?)[0m  [["content", "ádASDAs"], ["commentable_id", 2], ["commentable_type", "Article"], ["created_at", 2016-12-29 23:44:14 UTC], ["updated_at", 2016-12-29 23:44:14 UTC]]
  [1m[35m (76.8ms)[0m  [1m[36mcommit transaction[0m
Redirected to http://localhost:3000/articles/2/comments
Completed 302 Found in 99ms (ActiveRecord: 77.6ms)


Started GET "/articles/2/comments" for 127.0.0.1 at 2016-12-30 06:44:14 +0700
Processing by CommentsController#index as HTML
  Parameters: {"article_id"=>"2"}
  [1m[36mArticle Load (0.2ms)[0m  [1m[34mSELECT  "articles".* FROM "articles" WHERE "articles"."id" = ? LIMIT ?[0m  [["id", 2], ["LIMIT", 1]]
  Rendering comments/index.html.erb within layouts/application
  [1m[36mComment Load (0.1ms)[0m  [1m[34mSELECT "comments".* FROM "comments" WHERE "comments"."commentable_id" = ? AND "comments"."commentable_type" = ?[0m  [["commentable_id", 2], ["commentable_type", "Article"]]
  Rendered comments/_comments.html.erb (5.9ms)
  Rendered comments/index.html.erb within layouts/application (8.1ms)
Completed 200 OK in 62ms (Views: 57.7ms | ActiveRecord: 0.3ms)


Started GET "/" for 127.0.0.1 at 2016-12-30 06:46:26 +0700
  [1m[36mActiveRecord::SchemaMigration Load (0.2ms)[0m  [1m[34mSELECT "schema_migrations".* FROM "schema_migrations"[0m
Processing by ArticlesController#index as HTML
  Rendering articles/index.html.erb within layouts/application
  [1m[36mArticle Load (0.3ms)[0m  [1m[34mSELECT "articles".* FROM "articles"[0m
  Rendered articles/index.html.erb within layouts/application (18.3ms)
Started GET "/" for 127.0.0.1 at 2016-12-30 06:46:26 +0700
Processing by ArticlesController#index as HTML
  Rendering articles/index.html.erb within layouts/application
  [1m[36mArticle Load (1.0ms)[0m  [1m[34mSELECT "articles".* FROM "articles"[0m
  Rendered articles/index.html.erb within layouts/application (5.6ms)
Completed 200 OK in 164ms (Views: 161.2ms | ActiveRecord: 1.0ms)


Completed 200 OK in 442ms (Views: 424.7ms | ActiveRecord: 1.3ms)


Started GET "/articles/2" for 127.0.0.1 at 2016-12-30 06:46:29 +0700
Processing by ArticlesController#show as HTML
  Parameters: {"id"=>"2"}
  [1m[36mArticle Load (0.4ms)[0m  [1m[34mSELECT  "articles".* FROM "articles" WHERE "articles"."id" = ? LIMIT ?[0m  [["id", 2], ["LIMIT", 1]]
  Rendering articles/show.html.erb within layouts/application
  [1m[36mComment Load (0.4ms)[0m  [1m[34mSELECT "comments".* FROM "comments" WHERE "comments"."commentable_id" = ? AND "comments"."commentable_type" = ?[0m  [["commentable_id", 2], ["commentable_type", "Article"]]
  Rendered comments/_comments.html.erb (8.1ms)
  Rendered comments/_form.html.erb (31.6ms)
  Rendered articles/show.html.erb within layouts/application (44.7ms)
Completed 200 OK in 178ms (Views: 113.8ms | ActiveRecord: 2.1ms)


Started POST "/articles/2/comments" for 127.0.0.1 at 2016-12-30 06:46:31 +0700
Processing by CommentsController#create as HTML
  Parameters: {"utf8"=>"✓", "authenticity_token"=>"USXnoxBMxJDkRKKFw29yjZ20g3f6grQ0RCYCKhS7WV/mulcpLc/MK0rYUZMUgOPXQ2D1XSYJ2HsqDKJErIy8Vw==", "comment"=>{"content"=>"adfasdf"}, "commit"=>"Create Comment", "article_id"=>"2"}
  [1m[36mArticle Load (0.2ms)[0m  [1m[34mSELECT  "articles".* FROM "articles" WHERE "articles"."id" = ? LIMIT ?[0m  [["id", 2], ["LIMIT", 1]]
  [1m[35m (0.1ms)[0m  [1m[36mbegin transaction[0m
  [1m[36mArticle Load (0.1ms)[0m  [1m[34mSELECT  "articles".* FROM "articles" WHERE "articles"."id" = ? LIMIT ?[0m  [["id", 2], ["LIMIT", 1]]
  [1m[35mSQL (0.9ms)[0m  [1m[32mINSERT INTO "comments" ("content", "commentable_id", "commentable_type", "created_at", "updated_at") VALUES (?, ?, ?, ?, ?)[0m  [["content", "adfasdf"], ["commentable_id", 2], ["commentable_type", "Article"], ["created_at", 2016-12-29 23:46:31 UTC], ["updated_at", 2016-12-29 23:46:31 UTC]]
  [1m[35m (98.1ms)[0m  [1m[36mcommit transaction[0m
Redirected to http://localhost:3000/articles/2
Completed 302 Found in 128ms (ActiveRecord: 99.5ms)


Started GET "/articles/2" for 127.0.0.1 at 2016-12-30 06:46:31 +0700
Processing by ArticlesController#show as HTML
  Parameters: {"id"=>"2"}
  [1m[36mArticle Load (0.5ms)[0m  [1m[34mSELECT  "articles".* FROM "articles" WHERE "articles"."id" = ? LIMIT ?[0m  [["id", 2], ["LIMIT", 1]]
  Rendering articles/show.html.erb within layouts/application
  [1m[36mComment Load (0.2ms)[0m  [1m[34mSELECT "comments".* FROM "comments" WHERE "comments"."commentable_id" = ? AND "comments"."commentable_type" = ?[0m  [["commentable_id", 2], ["commentable_type", "Article"]]
  Rendered comments/_comments.html.erb (6.5ms)
  Rendered comments/_form.html.erb (3.9ms)
  Rendered articles/show.html.erb within layouts/application (14.9ms)
Completed 200 OK in 88ms (Views: 80.1ms | ActiveRecord: 0.6ms)


Started POST "/articles/2/comments" for 127.0.0.1 at 2016-12-30 06:46:35 +0700
Processing by CommentsController#create as HTML
  Parameters: {"utf8"=>"✓", "authenticity_token"=>"cMgPYhSEq7aF6UVBPwYHN7q5Y7D+CI4zpfo5gHv8WVMBYC//iCWBvmu46I6PyepB8/QDzdg0WT/NRthMJwYmIQ==", "comment"=>{"content"=>"adfa"}, "commit"=>"Create Comment", "article_id"=>"2"}
  [1m[36mArticle Load (0.2ms)[0m  [1m[34mSELECT  "articles".* FROM "articles" WHERE "articles"."id" = ? LIMIT ?[0m  [["id", 2], ["LIMIT", 1]]
  [1m[35m (0.2ms)[0m  [1m[36mbegin transaction[0m
  [1m[36mArticle Load (0.3ms)[0m  [1m[34mSELECT  "articles".* FROM "articles" WHERE "articles"."id" = ? LIMIT ?[0m  [["id", 2], ["LIMIT", 1]]
  [1m[35mSQL (2.8ms)[0m  [1m[32mINSERT INTO "comments" ("content", "commentable_id", "commentable_type", "created_at", "updated_at") VALUES (?, ?, ?, ?, ?)[0m  [["content", "adfa"], ["commentable_id", 2], ["commentable_type", "Article"], ["created_at", 2016-12-29 23:46:35 UTC], ["updated_at", 2016-12-29 23:46:35 UTC]]
  [1m[35m (75.7ms)[0m  [1m[36mcommit transaction[0m
Redirected to http://localhost:3000/articles/2
Completed 302 Found in 104ms (ActiveRecord: 79.2ms)


Started GET "/articles/2" for 127.0.0.1 at 2016-12-30 06:46:35 +0700
Processing by ArticlesController#show as HTML
  Parameters: {"id"=>"2"}
  [1m[36mArticle Load (0.2ms)[0m  [1m[34mSELECT  "articles".* FROM "articles" WHERE "articles"."id" = ? LIMIT ?[0m  [["id", 2], ["LIMIT", 1]]
  Rendering articles/show.html.erb within layouts/application
  [1m[36mComment Load (0.1ms)[0m  [1m[34mSELECT "comments".* FROM "comments" WHERE "comments"."commentable_id" = ? AND "comments"."commentable_type" = ?[0m  [["commentable_id", 2], ["commentable_type", "Article"]]
  Rendered comments/_comments.html.erb (3.3ms)
  Rendered comments/_form.html.erb (4.1ms)
  Rendered articles/show.html.erb within layouts/application (11.1ms)
Completed 200 OK in 70ms (Views: 63.2ms | ActiveRecord: 0.3ms)


  [1m[36mActiveRecord::SchemaMigration Load (0.2ms)[0m  [1m[34mSELECT "schema_migrations".* FROM "schema_migrations"[0m
  [1m[36mActiveRecord::InternalMetadata Load (0.2ms)[0m  [1m[34mSELECT  "ar_internal_metadata".* FROM "ar_internal_metadata" WHERE "ar_internal_metadata"."key" = ? LIMIT ?[0m  [["key", :environment], ["LIMIT", 1]]
  [1m[35m (0.1ms)[0m  [1m[36mbegin transaction[0m
  [1m[35m (0.1ms)[0m  [1m[36mcommit transaction[0m
  [1m[36mActiveRecord::SchemaMigration Load (0.1ms)[0m  [1m[34mSELECT "schema_migrations".* FROM "schema_migrations"[0m
  [1m[35m (0.1ms)[0m  [1m[34m            SELECT sql
            FROM sqlite_master
            WHERE name='index_comments_on_commentable_type' AND type='index'
            UNION ALL
            SELECT sql
            FROM sqlite_temp_master
            WHERE name='index_comments_on_commentable_type' AND type='index'
[0m
  [1m[35m (0.1ms)[0m  [1m[34m            SELECT sql
            FROM sqlite_master
            WHERE name='index_comments_on_commentable_id' AND type='index'
            UNION ALL
            SELECT sql
            FROM sqlite_temp_master
            WHERE name='index_comments_on_commentable_id' AND type='index'
[0m
Started GET "/" for 127.0.0.1 at 2016-12-30 06:56:35 +0700
  [1m[36mActiveRecord::SchemaMigration Load (0.3ms)[0m  [1m[34mSELECT "schema_migrations".* FROM "schema_migrations"[0m
Processing by ArticlesController#index as HTML
  Rendering articles/index.html.erb within layouts/application
  [1m[36mArticle Load (0.3ms)[0m  [1m[34mSELECT "articles".* FROM "articles"[0m
  Rendered articles/index.html.erb within layouts/application (25.5ms)
Started GET "/" for 127.0.0.1 at 2016-12-30 06:56:36 +0700
Processing by ArticlesController#index as HTML
  Rendering articles/index.html.erb within layouts/application
  [1m[36mArticle Load (1.2ms)[0m  [1m[34mSELECT "articles".* FROM "articles"[0m
  Rendered articles/index.html.erb within layouts/application (6.0ms)
Completed 200 OK in 193ms (Views: 189.2ms | ActiveRecord: 1.2ms)


Completed 200 OK in 604ms (Views: 569.7ms | ActiveRecord: 1.5ms)


Started GET "/articles/new" for 127.0.0.1 at 2016-12-30 06:56:39 +0700
Processing by ArticlesController#new as HTML
  Rendering articles/new.html.erb within layouts/application
  Rendered articles/_form.html.erb (45.2ms)
  Rendered articles/new.html.erb within layouts/application (48.6ms)
Completed 200 OK in 107ms (Views: 103.2ms | ActiveRecord: 0.0ms)


